Using pre-set license
Built from '2022.3/staging' branch; Version is '2022.3.21f1 (bf09ca542b87) revision 12519882'; Using compiler version '192829333'; Build Type 'Release'
OS: 'Windows 10  (10.0.19045) 64bit Core' Language: 'pl' Physical Memory: 7968 MB
BatchMode: 1, IsHumanControllingUs: 0, StartBugReporterOnCrash: 0, Is64bit: 1, IsPro: 1

COMMAND LINE ARGUMENTS:
C:\Program Files\Unity\Hub\Editor\2022.3.21f1\Editor\Unity.exe
-adb2
-batchMode
-noUpm
-name
AssetImportWorker0
-projectPath
F:/Escape room
-logFile
Logs/AssetImportWorker0.log
-srvPort
60916
Successfully changed project path to: F:/Escape room
F:/Escape room
[UnityMemory] Configuration Parameters - Can be set up in boot.config
    "memorysetup-bucket-allocator-granularity=16"
    "memorysetup-bucket-allocator-bucket-count=8"
    "memorysetup-bucket-allocator-block-size=33554432"
    "memorysetup-bucket-allocator-block-count=8"
    "memorysetup-main-allocator-block-size=16777216"
    "memorysetup-thread-allocator-block-size=16777216"
    "memorysetup-gfx-main-allocator-block-size=16777216"
    "memorysetup-gfx-thread-allocator-block-size=16777216"
    "memorysetup-cache-allocator-block-size=4194304"
    "memorysetup-typetree-allocator-block-size=2097152"
    "memorysetup-profiler-bucket-allocator-granularity=16"
    "memorysetup-profiler-bucket-allocator-bucket-count=8"
    "memorysetup-profiler-bucket-allocator-block-size=33554432"
    "memorysetup-profiler-bucket-allocator-block-count=8"
    "memorysetup-profiler-allocator-block-size=16777216"
    "memorysetup-profiler-editor-allocator-block-size=1048576"
    "memorysetup-temp-allocator-size-main=16777216"
    "memorysetup-job-temp-allocator-block-size=2097152"
    "memorysetup-job-temp-allocator-block-size-background=1048576"
    "memorysetup-job-temp-allocator-reduction-small-platforms=262144"
    "memorysetup-allocator-temp-initial-block-size-main=262144"
    "memorysetup-allocator-temp-initial-block-size-worker=262144"
    "memorysetup-temp-allocator-size-background-worker=32768"
    "memorysetup-temp-allocator-size-job-worker=262144"
    "memorysetup-temp-allocator-size-preload-manager=33554432"
    "memorysetup-temp-allocator-size-nav-mesh-worker=65536"
    "memorysetup-temp-allocator-size-audio-worker=65536"
    "memorysetup-temp-allocator-size-cloud-worker=32768"
    "memorysetup-temp-allocator-size-gi-baking-worker=262144"
    "memorysetup-temp-allocator-size-gfx=262144"
Player connection [13228] Host "[IP] 192.168.56.1 [Port] 0 [Flags] 2 [Guid] 4195756425 [EditorId] 4195756425 [Version] 1048832 [Id] WindowsEditor(7,K56SD) [Debug] 1 [PackageName] WindowsEditor [ProjectName] Editor" joined multi-casting on [225.0.0.222:54997]...

Player connection [13228] Host "[IP] 192.168.56.1 [Port] 0 [Flags] 2 [Guid] 4195756425 [EditorId] 4195756425 [Version] 1048832 [Id] WindowsEditor(7,K56SD) [Debug] 1 [PackageName] WindowsEditor [ProjectName] Editor" joined alternative multi-casting on [225.0.0.222:34997]...

[Physics::Module] Initialized MultithreadedJobDispatcher with 3 workers.
Refreshing native plugins compatible for Editor in 17.71 ms, found 3 plugins.
Preloading 0 native plugins for Editor in 0.00 ms.
Initialize engine version: 2022.3.21f1 (bf09ca542b87)
[Subsystems] Discovering subsystems at path C:/Program Files/Unity/Hub/Editor/2022.3.21f1/Editor/Data/Resources/UnitySubsystems
[Subsystems] Discovering subsystems at path F:/Escape room/Assets
GfxDevice: creating device client; threaded=0; jobified=0
Direct3D:
    Version:  Direct3D 11.0 [level 11.0]
    Renderer: NVIDIA GeForce 610M (ID=0x1058)
    Vendor:   NVIDIA
    VRAM:     1974 MB
    Driver:   23.21.13.9135
Shader Hidden/ProbeVolume/VoxelizeScene is not supported: GPU does not support conservative rasterization
Initialize mono
Mono path[0] = 'C:/Program Files/Unity/Hub/Editor/2022.3.21f1/Editor/Data/Managed'
Mono path[1] = 'C:/Program Files/Unity/Hub/Editor/2022.3.21f1/Editor/Data/MonoBleedingEdge/lib/mono/unityjit-win32'
Mono config path = 'C:/Program Files/Unity/Hub/Editor/2022.3.21f1/Editor/Data/MonoBleedingEdge/etc'
Using monoOptions --debugger-agent=transport=dt_socket,embedding=1,server=y,suspend=n,address=127.0.0.1:56008
Begin MonoManager ReloadAssembly
Registering precompiled unity dll's ...
Register platform support module: C:/Program Files/Unity/Hub/Editor/2022.3.21f1/Editor/Data/PlaybackEngines/WindowsStandaloneSupport/UnityEditor.WindowsStandalone.Extensions.dll
Registered in 0.026734 seconds.
- Loaded All Assemblies, in  1.356 seconds
Native extension for WindowsStandalone target not found
Mono: successfully reloaded assembly
- Finished resetting the current domain, in  0.843 seconds
Domain Reload Profiling: 2195ms
	BeginReloadAssembly (452ms)
		ExecutionOrderSort (0ms)
		DisableScriptedObjects (0ms)
		BackupInstance (0ms)
		ReleaseScriptingObjects (0ms)
		CreateAndSetChildDomain (2ms)
	RebuildCommonClasses (163ms)
	RebuildNativeTypeToScriptingClass (47ms)
	initialDomainReloadingComplete (282ms)
	LoadAllAssembliesAndSetupDomain (407ms)
		LoadAssemblies (444ms)
		RebuildTransferFunctionScriptingTraits (0ms)
		AnalyzeDomain (402ms)
			TypeCache.Refresh (398ms)
				TypeCache.ScanAssembly (364ms)
			ScanForSourceGeneratedMonoScriptInfo (1ms)
			ResolveRequiredComponents (1ms)
	FinalizeReload (844ms)
		ReleaseScriptCaches (0ms)
		RebuildScriptCaches (0ms)
		SetupLoadedEditorAssemblies (674ms)
			LogAssemblyErrors (0ms)
			InitializePlatformSupportModulesInManaged (32ms)
			SetLoadedEditorAssemblies (20ms)
			RefreshPlugins (0ms)
			BeforeProcessingInitializeOnLoad (7ms)
			ProcessInitializeOnLoadAttributes (467ms)
			ProcessInitializeOnLoadMethodAttributes (148ms)
			AfterProcessingInitializeOnLoad (0ms)
			EditorAssembliesLoaded (0ms)
		ExecutionOrderSort2 (0ms)
		AwakeInstancesAfterBackupRestoration (0ms)
========================================================================
Worker process is ready to serve import requests
Begin MonoManager ReloadAssembly
- Loaded All Assemblies, in  2.751 seconds
Refreshing native plugins compatible for Editor in 8.94 ms, found 3 plugins.
Native extension for WindowsStandalone target not found
Package Manager log level set to [2]
[Package Manager] Server::EnsureServerProcessIsRunning -- launch failed, reason: Unity was launched with the -noUpm command-line argument
[Package Manager] UpmClient::Send -- Unable to send message (not connected to UPM process).
[Package Manager] Cannot connect to Unity Package Manager local server
Mono: successfully reloaded assembly
- Finished resetting the current domain, in  2.808 seconds
Domain Reload Profiling: 5551ms
	BeginReloadAssembly (476ms)
		ExecutionOrderSort (0ms)
		DisableScriptedObjects (20ms)
		BackupInstance (0ms)
		ReleaseScriptingObjects (0ms)
		CreateAndSetChildDomain (54ms)
	RebuildCommonClasses (117ms)
	RebuildNativeTypeToScriptingClass (36ms)
	initialDomainReloadingComplete (147ms)
	LoadAllAssembliesAndSetupDomain (1965ms)
		LoadAssemblies (1089ms)
		RebuildTransferFunctionScriptingTraits (0ms)
		AnalyzeDomain (1156ms)
			TypeCache.Refresh (970ms)
				TypeCache.ScanAssembly (916ms)
			ScanForSourceGeneratedMonoScriptInfo (164ms)
			ResolveRequiredComponents (18ms)
	FinalizeReload (2810ms)
		ReleaseScriptCaches (0ms)
		RebuildScriptCaches (0ms)
		SetupLoadedEditorAssemblies (2115ms)
			LogAssemblyErrors (0ms)
			InitializePlatformSupportModulesInManaged (41ms)
			SetLoadedEditorAssemblies (10ms)
			RefreshPlugins (0ms)
			BeforeProcessingInitializeOnLoad (313ms)
			ProcessInitializeOnLoadAttributes (1426ms)
			ProcessInitializeOnLoadMethodAttributes (301ms)
			AfterProcessingInitializeOnLoad (23ms)
			EditorAssembliesLoaded (1ms)
		ExecutionOrderSort2 (0ms)
		AwakeInstancesAfterBackupRestoration (24ms)
Shader Hidden/ProbeVolume/VoxelizeScene is not supported: GPU does not support conservative rasterization
Launched and connected shader compiler UnityShaderCompiler.exe after 0.19 seconds
Refreshing native plugins compatible for Editor in 9.96 ms, found 3 plugins.
Preloading 0 native plugins for Editor in 0.00 ms.
Unloading 4715 Unused Serialized files (Serialized files now loaded: 0)
Unloading 60 unused Assets / (2.1 MB). Loaded Objects now: 5171.
Memory consumption went from 183.8 MB to 181.7 MB.
Total: 11.698200 ms (FindLiveObjects: 0.918600 ms CreateObjectMapping: 0.409200 ms MarkObjects: 9.465400 ms  DeleteObjects: 0.902400 ms)

AssetImportParameters requested are different than current active one (requested -> active):
  custom:container-demuxer-ogg: 62fdf1f143b41e24485cea50d1cbac27 -> 
  custom:video-decoder-ogg-theora: a1e56fd34408186e4bbccfd4996cb3dc -> 
  custom:framework-win-MediaFoundation: 216162199b28c13a410421893ffa2e32 -> 
  custom:CustomObjectIndexerAttribute: 9a22284fe3817be447336de3de66b15e -> 
  custom:container-demuxer-webm: 4f35f7cbe854078d1ac9338744f61a02 -> 
  custom:container-muxer-webm: aa71ff27fc2769a1b78a27578f13a17b -> 
  custom:video-decoder-webm-vp8: 9c59270c3fd7afecdb556c50c9e8de78 -> 
  custom:SearchIndexIgnoredProperties: e643bd26f0fe6173181afceb89e7c659 -> 
  custom:AudioImporter_EditorPlatform: d09bf68614088b80899f8185d706f6e7 -> 
  custom:video-encoder-webm-vp8: eb34c28f22e8b96e1ab97ce403110664 -> 
  custom:audio-decoder-ogg-vorbis: bf7c407c2cedff20999df2af8eb42d56 -> 
  custom:audio-encoder-webm-vorbis: bf7c407c2cedff20999df2af8eb42d56 -> 
========================================================================
Received Import Request.
  Time since last request: 63207.032359 seconds.
  path: Assets/Scenes/Game.unity
  artifactKey: Guid(da7b63db1cbabb0478f56505a738382d) Importer(815301076,1909f56bfc062723c751e8b465ee728b)
Start importing Assets/Scenes/Game.unity using Guid(da7b63db1cbabb0478f56505a738382d) Importer(815301076,1909f56bfc062723c751e8b465ee728b)  -> (artifact id: '6745231869f6448dbf39f3556cc11624') in 0.015651 seconds
Number of updated asset objects reloaded before import = 0
Number of asset objects unloaded after import = 0
========================================================================
Received Import Request.
  Time since last request: 0.000117 seconds.
  path: Assets/TextMesh Pro/Resources/Fonts & Materials/LiberationSans SDF - Outline.mat
  artifactKey: Guid(79459efec17a4d00a321bdcc27bbc385) Importer(815301076,1909f56bfc062723c751e8b465ee728b)
Start importing Assets/TextMesh Pro/Resources/Fonts & Materials/LiberationSans SDF - Outline.mat using Guid(79459efec17a4d00a321bdcc27bbc385) Importer(815301076,1909f56bfc062723c751e8b465ee728b)  -> (artifact id: '01474b7536abcb1f01369ad84f79d3a0') in 0.435962 seconds
Number of updated asset objects reloaded before import = 0
Number of asset objects unloaded after import = 2
========================================================================
Received Import Request.
  Time since last request: 0.000057 seconds.
  path: Packages/com.unity.textmeshpro/Editor Resources/Gizmos/TMP - Text Component Icon.psd
  artifactKey: Guid(2fd6421f253b4ef1a19526541f9ffc0c) Importer(815301076,1909f56bfc062723c751e8b465ee728b)
Start importing Packages/com.unity.textmeshpro/Editor Resources/Gizmos/TMP - Text Component Icon.psd using Guid(2fd6421f253b4ef1a19526541f9ffc0c) Importer(815301076,1909f56bfc062723c751e8b465ee728b)  -> (artifact id: '6f6867c8a6cb92095936e0684cf495cf') in 0.120624 seconds
Number of updated asset objects reloaded before import = 0
Number of asset objects unloaded after import = 2
========================================================================
Received Import Request.
  Time since last request: 0.000283 seconds.
  path: Packages/com.unity.textmeshpro/Editor Resources/Gizmos/TMP - Dropdown Icon.psd
  artifactKey: Guid(a7ec9e7ad8b847b7ae4510af83c5d868) Importer(815301076,1909f56bfc062723c751e8b465ee728b)
Start importing Packages/com.unity.textmeshpro/Editor Resources/Gizmos/TMP - Dropdown Icon.psd using Guid(a7ec9e7ad8b847b7ae4510af83c5d868) Importer(815301076,1909f56bfc062723c751e8b465ee728b)  -> (artifact id: '79787e2926b633c97b890eb43be18541') in 0.104502 seconds
Number of updated asset objects reloaded before import = 0
Number of asset objects unloaded after import = 2
========================================================================
Received Import Request.
  Time since last request: 0.000039 seconds.
  path: Assets/asset_store/Clipboard/Prefab/Clipboard.prefab
  artifactKey: Guid(72653085a6b827f48b10b434c7972f1c) Importer(815301076,1909f56bfc062723c751e8b465ee728b)
Start importing Assets/asset_store/Clipboard/Prefab/Clipboard.prefab using Guid(72653085a6b827f48b10b434c7972f1c) Importer(815301076,1909f56bfc062723c751e8b465ee728b)  -> (artifact id: '4d3518c76687840b363cc411bda40f75') in 0.489001 seconds
Number of updated asset objects reloaded before import = 0
Number of asset objects unloaded after import = 42
========================================================================
Received Import Request.
  Time since last request: 0.000050 seconds.
  path: Assets/asset_store/Clipboard/Textures/clipboard2_page_Diffuse.png
  artifactKey: Guid(9ebb7ab335257f845be4b79ca234aa79) Importer(815301076,1909f56bfc062723c751e8b465ee728b)
Start importing Assets/asset_store/Clipboard/Textures/clipboard2_page_Diffuse.png using Guid(9ebb7ab335257f845be4b79ca234aa79) Importer(815301076,1909f56bfc062723c751e8b465ee728b)  -> (artifact id: '6c78ccf0cba9122a7335e47daa3e5977') in 0.106575 seconds
Number of updated asset objects reloaded before import = 0
Number of asset objects unloaded after import = 2
========================================================================
Received Import Request.
  Time since last request: 0.000046 seconds.
  path: Assets/TextMesh Pro/Resources/Fonts & Materials/LiberationSans SDF - Fallback.asset
  artifactKey: Guid(2e498d1c8094910479dc3e1b768306a4) Importer(815301076,1909f56bfc062723c751e8b465ee728b)
Start importing Assets/TextMesh Pro/Resources/Fonts & Materials/LiberationSans SDF - Fallback.asset using Guid(2e498d1c8094910479dc3e1b768306a4) Importer(815301076,1909f56bfc062723c751e8b465ee728b)  -> (artifact id: '44e5f4e3a8c97224b2d7581d34a18d54') in 0.114986 seconds
Number of updated asset objects reloaded before import = 0
Number of asset objects unloaded after import = 6
========================================================================
Received Import Request.
  Time since last request: 0.000049 seconds.
  path: Assets/TextMesh Pro/Resources/Fonts & Materials/LiberationSans SDF - Drop Shadow.mat
  artifactKey: Guid(e73a58f6e2794ae7b1b7e50b7fb811b0) Importer(815301076,1909f56bfc062723c751e8b465ee728b)
Start importing Assets/TextMesh Pro/Resources/Fonts & Materials/LiberationSans SDF - Drop Shadow.mat using Guid(e73a58f6e2794ae7b1b7e50b7fb811b0) Importer(815301076,1909f56bfc062723c751e8b465ee728b)  -> (artifact id: '37010339c881c14f51c309416ee48d48') in 0.153303 seconds
Number of updated asset objects reloaded before import = 0
Number of asset objects unloaded after import = 2
========================================================================
Received Import Request.
  Time since last request: 0.000060 seconds.
  path: Assets/TextMesh Pro/Resources/Fonts & Materials/LiberationSans SDF.asset
  artifactKey: Guid(8f586378b4e144a9851e7b34d9b748ee) Importer(815301076,1909f56bfc062723c751e8b465ee728b)
Start importing Assets/TextMesh Pro/Resources/Fonts & Materials/LiberationSans SDF.asset using Guid(8f586378b4e144a9851e7b34d9b748ee) Importer(815301076,1909f56bfc062723c751e8b465ee728b)  -> (artifact id: '4eb27f9c621ff1262236bbe092a53f2b') in 0.174570 seconds
Number of updated asset objects reloaded before import = 0
Number of asset objects unloaded after import = 9
========================================================================
Received Import Request.
  Time since last request: 0.000049 seconds.
  path: Packages/com.unity.textmeshpro/Editor Resources/Gizmos/TMP - Input Field Icon.psd
  artifactKey: Guid(3ee40aa79cd242a5b53b0b0ca4f13f0f) Importer(815301076,1909f56bfc062723c751e8b465ee728b)
Start importing Packages/com.unity.textmeshpro/Editor Resources/Gizmos/TMP - Input Field Icon.psd using Guid(3ee40aa79cd242a5b53b0b0ca4f13f0f) Importer(815301076,1909f56bfc062723c751e8b465ee728b)  -> (artifact id: 'ada9253d2595c3fc9b4f128135e1962c') in 0.058850 seconds
Number of updated asset objects reloaded before import = 0
Number of asset objects unloaded after import = 2
========================================================================
Received Import Request.
  Time since last request: 0.000046 seconds.
  path: Assets/asset_store/Clipboard/Textures/clipboard2_page_Normal.png
  artifactKey: Guid(d893b433dde22f24bb235eea4a28d3ec) Importer(815301076,1909f56bfc062723c751e8b465ee728b)
Start importing Assets/asset_store/Clipboard/Textures/clipboard2_page_Normal.png using Guid(d893b433dde22f24bb235eea4a28d3ec) Importer(815301076,1909f56bfc062723c751e8b465ee728b)  -> (artifact id: '74814cf93e907afa8f17ad6fb1c55a45') in 0.092532 seconds
Number of updated asset objects reloaded before import = 0
Number of asset objects unloaded after import = 2
========================================================================
Received Import Request.
  Time since last request: 0.000042 seconds.
  path: Packages/com.unity.textmeshpro/Editor Resources/Gizmos/TMP - Font Asset Icon.psd
  artifactKey: Guid(ee148e281f3c41c5b4ff5f8a5afe5a6c) Importer(815301076,1909f56bfc062723c751e8b465ee728b)
Start importing Packages/com.unity.textmeshpro/Editor Resources/Gizmos/TMP - Font Asset Icon.psd using Guid(ee148e281f3c41c5b4ff5f8a5afe5a6c) Importer(815301076,1909f56bfc062723c751e8b465ee728b)  -> (artifact id: '7686aad1af64ed2f6cbcc980dad3810e') in 0.077468 seconds
Number of updated asset objects reloaded before import = 0
Number of asset objects unloaded after import = 2
========================================================================
Received Import Request.
  Time since last request: 31.381193 seconds.
  path: Assets/asset_store/Furniture/Source/Mesh/3Seat.fbx
  artifactKey: Guid(1a946898d5a375744bd71b5d04072493) Importer(815301076,1909f56bfc062723c751e8b465ee728b)
Start importing Assets/asset_store/Furniture/Source/Mesh/3Seat.fbx using Guid(1a946898d5a375744bd71b5d04072493) Importer(815301076,1909f56bfc062723c751e8b465ee728b)  -> (artifact id: '745e793237662f009cab8703bc3e82fc') in 1.149912 seconds
Number of updated asset objects reloaded before import = 0
Number of asset objects unloaded after import = 12
========================================================================
Received Import Request.
  Time since last request: 0.000095 seconds.
  path: Assets/asset_store/Furniture/Source/Mesh/Fotel3.fbx
  artifactKey: Guid(89f0d4d8bf7c4b842a84a56a9f585be1) Importer(815301076,1909f56bfc062723c751e8b465ee728b)
Start importing Assets/asset_store/Furniture/Source/Mesh/Fotel3.fbx using Guid(89f0d4d8bf7c4b842a84a56a9f585be1) Importer(815301076,1909f56bfc062723c751e8b465ee728b)  -> (artifact id: '459818c3661d0c065121e722e0abcd00') in 0.207025 seconds
Number of updated asset objects reloaded before import = 0
Number of asset objects unloaded after import = 12
========================================================================
Received Import Request.
  Time since last request: 0.000086 seconds.
  path: Assets/asset_store/Furniture/Source/Mesh/BigCloset.fbx
  artifactKey: Guid(a20abce8e4655294886742eb9bb5c382) Importer(815301076,1909f56bfc062723c751e8b465ee728b)
Start importing Assets/asset_store/Furniture/Source/Mesh/BigCloset.fbx using Guid(a20abce8e4655294886742eb9bb5c382) Importer(815301076,1909f56bfc062723c751e8b465ee728b)  -> (artifact id: 'e71e481cd155e7d8596196f1a54a952a') in 1.185106 seconds
Number of updated asset objects reloaded before import = 0
Number of asset objects unloaded after import = 12
========================================================================
Received Import Request.
  Time since last request: 0.000039 seconds.
  path: Assets/asset_store/Furniture/Source/Mesh/MetalTable.fbx
  artifactKey: Guid(1c77c68a06728d143a0320dfcc126c48) Importer(815301076,1909f56bfc062723c751e8b465ee728b)
Start importing Assets/asset_store/Furniture/Source/Mesh/MetalTable.fbx using Guid(1c77c68a06728d143a0320dfcc126c48) Importer(815301076,1909f56bfc062723c751e8b465ee728b)  -> (artifact id: '90d52bd3f57788452aa4c291e354aaa2') in 0.959221 seconds
Number of updated asset objects reloaded before import = 0
Number of asset objects unloaded after import = 12
========================================================================
Received Import Request.
  Time since last request: 0.000047 seconds.
  path: Assets/asset_store/Furniture/Source/Mesh/Fotel4.fbx
  artifactKey: Guid(63bb58ec56e49a94ca6f9dad8d73d9e2) Importer(815301076,1909f56bfc062723c751e8b465ee728b)
Start importing Assets/asset_store/Furniture/Source/Mesh/Fotel4.fbx using Guid(63bb58ec56e49a94ca6f9dad8d73d9e2) Importer(815301076,1909f56bfc062723c751e8b465ee728b)  -> (artifact id: 'e099612d13a476623b8ff18d6031d9f2') in 0.980991 seconds
Number of updated asset objects reloaded before import = 0
Number of asset objects unloaded after import = 16
========================================================================
Received Import Request.
  Time since last request: 0.000038 seconds.
  path: Assets/asset_store/Furniture/Source/Mesh/3Seat4.fbx
  artifactKey: Guid(ae336d95c8140b943993b5e157365001) Importer(815301076,1909f56bfc062723c751e8b465ee728b)
Start importing Assets/asset_store/Furniture/Source/Mesh/3Seat4.fbx using Guid(ae336d95c8140b943993b5e157365001) Importer(815301076,1909f56bfc062723c751e8b465ee728b)  -> (artifact id: '7933f96c7baae9d2d05fa1a69247fba0') in 0.156564 seconds
Number of updated asset objects reloaded before import = 0
Number of asset objects unloaded after import = 12
========================================================================
Received Import Request.
  Time since last request: 0.000067 seconds.
  path: Assets/asset_store/Furniture/Source/Mesh/DoubleSeat2.fbx
  artifactKey: Guid(c7d0993de6d32ba4bb5ecb7003812a2d) Importer(815301076,1909f56bfc062723c751e8b465ee728b)
Start importing Assets/asset_store/Furniture/Source/Mesh/DoubleSeat2.fbx using Guid(c7d0993de6d32ba4bb5ecb7003812a2d) Importer(815301076,1909f56bfc062723c751e8b465ee728b)  -> (artifact id: '952787a0938cf1881392b2639c690b45') in 0.143245 seconds
Number of updated asset objects reloaded before import = 0
Number of asset objects unloaded after import = 16
========================================================================
Received Import Request.
  Time since last request: 0.000044 seconds.
  path: Assets/asset_store/Furniture/Source/Mesh/closet2.fbx
  artifactKey: Guid(28a7de13a6369f846bf6d64963e8fa43) Importer(815301076,1909f56bfc062723c751e8b465ee728b)
Start importing Assets/asset_store/Furniture/Source/Mesh/closet2.fbx using Guid(28a7de13a6369f846bf6d64963e8fa43) Importer(815301076,1909f56bfc062723c751e8b465ee728b)  -> (artifact id: '3ffc1dfcc8654024d394f1988701dee7') in 0.940069 seconds
Number of updated asset objects reloaded before import = 0
Number of asset objects unloaded after import = 12
========================================================================
Received Import Request.
  Time since last request: 0.000043 seconds.
  path: Assets/asset_store/Furniture/Source/Mesh/Fotel2.fbx
  artifactKey: Guid(327bca4c4dcd00f45a6d843fc77fda6a) Importer(815301076,1909f56bfc062723c751e8b465ee728b)
Start importing Assets/asset_store/Furniture/Source/Mesh/Fotel2.fbx using Guid(327bca4c4dcd00f45a6d843fc77fda6a) Importer(815301076,1909f56bfc062723c751e8b465ee728b)  -> (artifact id: '3428e485f2fca25e426257ad616a8a01') in 0.134878 seconds
Number of updated asset objects reloaded before import = 0
Number of asset objects unloaded after import = 12
========================================================================
Received Import Request.
  Time since last request: 0.000047 seconds.
  path: Assets/asset_store/Furniture/Source/Mesh/Closet3.fbx
  artifactKey: Guid(924fa25af5f31b14abb039f25dab6ec9) Importer(815301076,1909f56bfc062723c751e8b465ee728b)
Start importing Assets/asset_store/Furniture/Source/Mesh/Closet3.fbx using Guid(924fa25af5f31b14abb039f25dab6ec9) Importer(815301076,1909f56bfc062723c751e8b465ee728b)  -> (artifact id: '37dbdb3ee7997ab1d8e8203c56e4a996') in 0.152149 seconds
Number of updated asset objects reloaded before import = 0
Number of asset objects unloaded after import = 12
========================================================================
Received Import Request.
  Time since last request: 0.000045 seconds.
  path: Assets/asset_store/Furniture/Source/Mesh/MirrorComode.fbx
  artifactKey: Guid(bbf5add6f97674e4f9d710d2027584f4) Importer(815301076,1909f56bfc062723c751e8b465ee728b)
Start importing Assets/asset_store/Furniture/Source/Mesh/MirrorComode.fbx using Guid(bbf5add6f97674e4f9d710d2027584f4) Importer(815301076,1909f56bfc062723c751e8b465ee728b)  -> (artifact id: '1d606ae379522c91a8dc1f95e0260018') in 0.422596 seconds
Number of updated asset objects reloaded before import = 0
Number of asset objects unloaded after import = 12
========================================================================
Received Import Request.
  Time since last request: 0.000043 seconds.
  path: Assets/asset_store/Furniture/Source/Mesh/3Seat2.fbx
  artifactKey: Guid(fd8712e1a3b95bf408cf1bf15fb9a131) Importer(815301076,1909f56bfc062723c751e8b465ee728b)
Start importing Assets/asset_store/Furniture/Source/Mesh/3Seat2.fbx using Guid(fd8712e1a3b95bf408cf1bf15fb9a131) Importer(815301076,1909f56bfc062723c751e8b465ee728b)  -> (artifact id: 'faa3baab6e71667b2475522e4c215b3c') in 0.913319 seconds
Number of updated asset objects reloaded before import = 0
Number of asset objects unloaded after import = 12
========================================================================
Received Import Request.
  Time since last request: 0.000053 seconds.
  path: Assets/asset_store/Furniture/Source/Mesh/SmallCloset.fbx
  artifactKey: Guid(947941c3770ac9749a60dfb2404d1ad3) Importer(815301076,1909f56bfc062723c751e8b465ee728b)
Start importing Assets/asset_store/Furniture/Source/Mesh/SmallCloset.fbx using Guid(947941c3770ac9749a60dfb2404d1ad3) Importer(815301076,1909f56bfc062723c751e8b465ee728b)  -> (artifact id: '4d4688146cd3d5bd62a3bd0087aad4b8') in 0.929164 seconds
Number of updated asset objects reloaded before import = 0
Number of asset objects unloaded after import = 12
========================================================================
Received Import Request.
  Time since last request: 0.000044 seconds.
  path: Assets/asset_store/Furniture/Source/Mesh/MirrorComode2.fbx
  artifactKey: Guid(50c1a10f09bac3e4fa83b73c174ce7ad) Importer(815301076,1909f56bfc062723c751e8b465ee728b)
Start importing Assets/asset_store/Furniture/Source/Mesh/MirrorComode2.fbx using Guid(50c1a10f09bac3e4fa83b73c174ce7ad) Importer(815301076,1909f56bfc062723c751e8b465ee728b)  -> (artifact id: 'd588bf24086507eceb4d6b37e3a978c6') in 0.968300 seconds
Number of updated asset objects reloaded before import = 0
Number of asset objects unloaded after import = 12
========================================================================
Received Import Request.
  Time since last request: 0.000068 seconds.
  path: Assets/asset_store/Furniture/Source/Mesh/DoubleSeat.fbx
  artifactKey: Guid(ec9c5369886554146884f6bfca7662cc) Importer(815301076,1909f56bfc062723c751e8b465ee728b)
Start importing Assets/asset_store/Furniture/Source/Mesh/DoubleSeat.fbx using Guid(ec9c5369886554146884f6bfca7662cc) Importer(815301076,1909f56bfc062723c751e8b465ee728b)  -> (artifact id: '63197b4b9ebafe8fb726dbb7440beeec') in 0.162264 seconds
Number of updated asset objects reloaded before import = 0
Number of asset objects unloaded after import = 12
========================================================================
Received Import Request.
  Time since last request: 0.000034 seconds.
  path: Assets/asset_store/Furniture/Source/Mesh/chair.fbx
  artifactKey: Guid(a65804b782e378e46a402e06983b7be4) Importer(815301076,1909f56bfc062723c751e8b465ee728b)
Start importing Assets/asset_store/Furniture/Source/Mesh/chair.fbx using Guid(a65804b782e378e46a402e06983b7be4) Importer(815301076,1909f56bfc062723c751e8b465ee728b)  -> (artifact id: '7bb368701802c4e2b94a9ecbac70d7ae') in 0.961097 seconds
Number of updated asset objects reloaded before import = 0
Number of asset objects unloaded after import = 12
========================================================================
Received Import Request.
  Time since last request: 0.000040 seconds.
  path: Assets/asset_store/Furniture/Source/Mesh/3Seat3.fbx
  artifactKey: Guid(b07a91327abd3554ab170725ff8ae7a6) Importer(815301076,1909f56bfc062723c751e8b465ee728b)
Start importing Assets/asset_store/Furniture/Source/Mesh/3Seat3.fbx using Guid(b07a91327abd3554ab170725ff8ae7a6) Importer(815301076,1909f56bfc062723c751e8b465ee728b)  -> (artifact id: '305815c0b2be66c23d0f34c23e6d7360') in 0.914025 seconds
Number of updated asset objects reloaded before import = 0
Number of asset objects unloaded after import = 12
========================================================================
Received Import Request.
  Time since last request: 0.000062 seconds.
  path: Assets/asset_store/Furniture/Source/Mesh/Fotel.fbx
  artifactKey: Guid(bfbe5cdfd1128ff40b7909bf16a17d18) Importer(815301076,1909f56bfc062723c751e8b465ee728b)
Start importing Assets/asset_store/Furniture/Source/Mesh/Fotel.fbx using Guid(bfbe5cdfd1128ff40b7909bf16a17d18) Importer(815301076,1909f56bfc062723c751e8b465ee728b)  -> (artifact id: 'fd65b6f32399a8307f662e04aef9df2a') in 0.945368 seconds
Number of updated asset objects reloaded before import = 0
Number of asset objects unloaded after import = 12
========================================================================
Received Import Request.
  Time since last request: 0.000044 seconds.
  path: Assets/asset_store/Furniture/Source/Mesh/RoundTable.fbx
  artifactKey: Guid(c4bf5ec91ea67e94fb25bfe2b9808275) Importer(815301076,1909f56bfc062723c751e8b465ee728b)
Start importing Assets/asset_store/Furniture/Source/Mesh/RoundTable.fbx using Guid(c4bf5ec91ea67e94fb25bfe2b9808275) Importer(815301076,1909f56bfc062723c751e8b465ee728b)  -> (artifact id: '8cc12365379bf9052cb2c07d81700f68') in 0.149193 seconds
Number of updated asset objects reloaded before import = 0
Number of asset objects unloaded after import = 12
========================================================================
Received Import Request.
  Time since last request: 0.000054 seconds.
  path: Assets/asset_store/Furniture/Source/Mesh/Couch.fbx
  artifactKey: Guid(b3d2d47cdc25dcc4090c4ba35dcf72ff) Importer(815301076,1909f56bfc062723c751e8b465ee728b)
Start importing Assets/asset_store/Furniture/Source/Mesh/Couch.fbx using Guid(b3d2d47cdc25dcc4090c4ba35dcf72ff) Importer(815301076,1909f56bfc062723c751e8b465ee728b)  -> (artifact id: 'f78df612cb5ff463fdc935a7305dd7b7') in 0.943724 seconds
Number of updated asset objects reloaded before import = 0
Number of asset objects unloaded after import = 12
========================================================================
Received Import Request.
  Time since last request: 108.298921 seconds.
  path: Assets/asset_store/JapaneseSchool (Built-In)/Prefabs/Blackboard_A.prefab
  artifactKey: Guid(e07e4e7fd6b9d58489dd9f32ef2b5b0c) Importer(815301076,1909f56bfc062723c751e8b465ee728b)
Start importing Assets/asset_store/JapaneseSchool (Built-In)/Prefabs/Blackboard_A.prefab using Guid(e07e4e7fd6b9d58489dd9f32ef2b5b0c) Importer(815301076,1909f56bfc062723c751e8b465ee728b)  -> (artifact id: '7b3de44dab1f512fbcad590ce97566ef') in 0.328077 seconds
Number of updated asset objects reloaded before import = 0
Number of asset objects unloaded after import = 31
========================================================================
Received Import Request.
  Time since last request: 0.000053 seconds.
  path: Assets/asset_store/JapaneseSchool (Built-In)/Prefabs/Door_A.prefab
  artifactKey: Guid(c28dbf95c840bb5499069bc7091ae018) Importer(815301076,1909f56bfc062723c751e8b465ee728b)
Start importing Assets/asset_store/JapaneseSchool (Built-In)/Prefabs/Door_A.prefab using Guid(c28dbf95c840bb5499069bc7091ae018) Importer(815301076,1909f56bfc062723c751e8b465ee728b) Refreshing native plugins compatible for Editor in 8.43 ms, found 3 plugins.
Preloading 0 native plugins for Editor in 0.00 ms.
 -> (artifact id: 'c7af26ca1f2ec867ffe31dd1df8676e2') in 0.473363 seconds
Number of updated asset objects reloaded before import = 0
Number of asset objects unloaded after import = 112
========================================================================
Received Import Request.
  Time since last request: 66.273551 seconds.
  path: Assets/asset_store/key_lock/material/m_key_black_01.mat
  artifactKey: Guid(1f25dcc7d084a614db462285a3464a30) Importer(815301076,1909f56bfc062723c751e8b465ee728b)
Start importing Assets/asset_store/key_lock/material/m_key_black_01.mat using Guid(1f25dcc7d084a614db462285a3464a30) Importer(815301076,1909f56bfc062723c751e8b465ee728b)  -> (artifact id: '2ee235c0e434270d698e87498dd42e3d') in 0.147042 seconds
Number of updated asset objects reloaded before import = 0
Number of asset objects unloaded after import = 5
========================================================================
Received Import Request.
  Time since last request: 0.000041 seconds.
  path: Assets/asset_store/key_lock/material/m_key_red_01.mat
  artifactKey: Guid(0897acad11ce8c641b71cbec176a86ff) Importer(815301076,1909f56bfc062723c751e8b465ee728b)
Start importing Assets/asset_store/key_lock/material/m_key_red_01.mat using Guid(0897acad11ce8c641b71cbec176a86ff) Importer(815301076,1909f56bfc062723c751e8b465ee728b)  -> (artifact id: '77e8615d6c1026bd2323e900ebf54fc7') in 0.115056 seconds
Number of updated asset objects reloaded before import = 0
Number of asset objects unloaded after import = 5
========================================================================
Received Import Request.
  Time since last request: 0.000063 seconds.
  path: Assets/asset_store/key_lock/material/m_key_green_01.mat
  artifactKey: Guid(51b681ed880fe6041b75caf92aacecaa) Importer(815301076,1909f56bfc062723c751e8b465ee728b)
Start importing Assets/asset_store/key_lock/material/m_key_green_01.mat using Guid(51b681ed880fe6041b75caf92aacecaa) Importer(815301076,1909f56bfc062723c751e8b465ee728b)  -> (artifact id: 'fd2341b17423ed70f4795809260ca062') in 0.112216 seconds
Number of updated asset objects reloaded before import = 0
Number of asset objects unloaded after import = 5
========================================================================
Received Import Request.
  Time since last request: 0.000039 seconds.
  path: Assets/asset_store/key_lock/material/m_key_blue_01.mat
  artifactKey: Guid(bb193f4134dde224aa2718f271e4f1f2) Importer(815301076,1909f56bfc062723c751e8b465ee728b)
Start importing Assets/asset_store/key_lock/material/m_key_blue_01.mat using Guid(bb193f4134dde224aa2718f271e4f1f2) Importer(815301076,1909f56bfc062723c751e8b465ee728b)  -> (artifact id: '7946a7fedab087cc2cff7dce39c092ce') in 0.109646 seconds
Number of updated asset objects reloaded before import = 0
Number of asset objects unloaded after import = 5
========================================================================
Received Import Request.
  Time since last request: 0.000038 seconds.
  path: Assets/asset_store/key_lock/material/m_lock_01.mat
  artifactKey: Guid(60ff8b2bfdc13c146841ffc7970a3aeb) Importer(815301076,1909f56bfc062723c751e8b465ee728b)
Start importing Assets/asset_store/key_lock/material/m_lock_01.mat using Guid(60ff8b2bfdc13c146841ffc7970a3aeb) Importer(815301076,1909f56bfc062723c751e8b465ee728b)  -> (artifact id: 'a5c848a5daecc112e52b5204d79660d4') in 0.113804 seconds
Number of updated asset objects reloaded before import = 0
Number of asset objects unloaded after import = 5
========================================================================
Received Import Request.
  Time since last request: 2.053027 seconds.
  path: Assets/asset_store/key_lock/mesh/sm_key_01.fbx
  artifactKey: Guid(ad10e4113786ee546b5e5563829d2b45) Importer(815301076,1909f56bfc062723c751e8b465ee728b)
Start importing Assets/asset_store/key_lock/mesh/sm_key_01.fbx using Guid(ad10e4113786ee546b5e5563829d2b45) Importer(815301076,1909f56bfc062723c751e8b465ee728b)  -> (artifact id: '18ca05a701e185e37456a86b6157801b') in 0.137935 seconds
Number of updated asset objects reloaded before import = 0
Number of asset objects unloaded after import = 12
========================================================================
Received Import Request.
  Time since last request: 0.000050 seconds.
  path: Assets/asset_store/key_lock/mesh/sm_lock_01.fbx
  artifactKey: Guid(cba9e91351d00994296d4f7f5f24880f) Importer(815301076,1909f56bfc062723c751e8b465ee728b)
Start importing Assets/asset_store/key_lock/mesh/sm_lock_01.fbx using Guid(cba9e91351d00994296d4f7f5f24880f) Importer(815301076,1909f56bfc062723c751e8b465ee728b)  -> (artifact id: '47f5d1a39550182e91acea788ae29936') in 0.193651 seconds
Number of updated asset objects reloaded before import = 0
Number of asset objects unloaded after import = 22
========================================================================
Received Import Request.
  Time since last request: 4.210802 seconds.
  path: Assets/asset_store/key_lock/textures/key/m_key_01_ao.png
  artifactKey: Guid(901c22cacfeacb74b84bcacb7264882e) Importer(815301076,1909f56bfc062723c751e8b465ee728b)
Start importing Assets/asset_store/key_lock/textures/key/m_key_01_ao.png using Guid(901c22cacfeacb74b84bcacb7264882e) Importer(815301076,1909f56bfc062723c751e8b465ee728b)  -> (artifact id: '41ec679f01428521bf0e41412fcc6f7c') in 0.099282 seconds
Number of updated asset objects reloaded before import = 0
Number of asset objects unloaded after import = 2
========================================================================
Received Import Request.
  Time since last request: 0.000029 seconds.
  path: Assets/asset_store/key_lock/textures/key/m_key_01_red_bc.png
  artifactKey: Guid(1dd51555eae84ee4bb7f11df68a1b102) Importer(815301076,1909f56bfc062723c751e8b465ee728b)
Start importing Assets/asset_store/key_lock/textures/key/m_key_01_red_bc.png using Guid(1dd51555eae84ee4bb7f11df68a1b102) Importer(815301076,1909f56bfc062723c751e8b465ee728b)  -> (artifact id: 'cedc34602fc8a2c6dd5b8a35486696b0') in 0.093783 seconds
Number of updated asset objects reloaded before import = 0
Number of asset objects unloaded after import = 2
========================================================================
Received Import Request.
  Time since last request: 0.000042 seconds.
  path: Assets/asset_store/key_lock/textures/key/m_key_01_green_bc.png
  artifactKey: Guid(fab65cafd4fe35f4498e56d74b5a7e07) Importer(815301076,1909f56bfc062723c751e8b465ee728b)
Start importing Assets/asset_store/key_lock/textures/key/m_key_01_green_bc.png using Guid(fab65cafd4fe35f4498e56d74b5a7e07) Importer(815301076,1909f56bfc062723c751e8b465ee728b)  -> (artifact id: '56e96c0094cdbc5ad1bbdb1165dbdedc') in 0.114859 seconds
Number of updated asset objects reloaded before import = 0
Number of asset objects unloaded after import = 2
========================================================================
Received Import Request.
  Time since last request: 0.000046 seconds.
  path: Assets/asset_store/key_lock/textures/key/m_key_01_m_s.png
  artifactKey: Guid(d703e693cff1ba741a05f2fda903f1fb) Importer(815301076,1909f56bfc062723c751e8b465ee728b)
Start importing Assets/asset_store/key_lock/textures/key/m_key_01_m_s.png using Guid(d703e693cff1ba741a05f2fda903f1fb) Importer(815301076,1909f56bfc062723c751e8b465ee728b)  -> (artifact id: '5fdfe2890d6a09b94d56650f632ed29e') in 0.076648 seconds
Number of updated asset objects reloaded before import = 0
Number of asset objects unloaded after import = 2
========================================================================
Received Import Request.
  Time since last request: 0.000077 seconds.
  path: Assets/asset_store/key_lock/textures/key/m_key_01_black_bc.png
  artifactKey: Guid(b695dde35f2e0fc4ebee08de328f103d) Importer(815301076,1909f56bfc062723c751e8b465ee728b)
Start importing Assets/asset_store/key_lock/textures/key/m_key_01_black_bc.png using Guid(b695dde35f2e0fc4ebee08de328f103d) Importer(815301076,1909f56bfc062723c751e8b465ee728b)  -> (artifact id: 'd8bb59bcbce607f2f7f5439c4e0a6983') in 0.106257 seconds
Number of updated asset objects reloaded before import = 0
Number of asset objects unloaded after import = 2
========================================================================
Received Import Request.
  Time since last request: 0.000031 seconds.
  path: Assets/asset_store/key_lock/textures/key/m_key_01_blue_bc.png
  artifactKey: Guid(0979f62e4dd0fbd4893ceecc81d8ce54) Importer(815301076,1909f56bfc062723c751e8b465ee728b)
Start importing Assets/asset_store/key_lock/textures/key/m_key_01_blue_bc.png using Guid(0979f62e4dd0fbd4893ceecc81d8ce54) Importer(815301076,1909f56bfc062723c751e8b465ee728b)  -> (artifact id: 'a0fbaf072e5e4339880e7dc8ab0687b1') in 0.107553 seconds
Number of updated asset objects reloaded before import = 0
Number of asset objects unloaded after import = 2
========================================================================
Received Import Request.
  Time since last request: 0.000045 seconds.
  path: Assets/asset_store/key_lock/textures/key/m_key_01_n.png
  artifactKey: Guid(d8c2b92a5b5fb1344a0c0604eefa965c) Importer(815301076,1909f56bfc062723c751e8b465ee728b)
Start importing Assets/asset_store/key_lock/textures/key/m_key_01_n.png using Guid(d8c2b92a5b5fb1344a0c0604eefa965c) Importer(815301076,1909f56bfc062723c751e8b465ee728b)  -> (artifact id: '0dcfe364a67031c4ebabb845ddfb4e50') in 0.115935 seconds
Number of updated asset objects reloaded before import = 0
Number of asset objects unloaded after import = 2
========================================================================
Received Import Request.
  Time since last request: 0.682882 seconds.
  path: Assets/asset_store/key_lock/textures/lock/m_lock_01_ao.png
  artifactKey: Guid(aba96337371ca4446a689cfeb970a4eb) Importer(815301076,1909f56bfc062723c751e8b465ee728b)
Start importing Assets/asset_store/key_lock/textures/lock/m_lock_01_ao.png using Guid(aba96337371ca4446a689cfeb970a4eb) Importer(815301076,1909f56bfc062723c751e8b465ee728b)  -> (artifact id: '14ff64a89965500130eb42c56f97d862') in 0.100618 seconds
Number of updated asset objects reloaded before import = 0
Number of asset objects unloaded after import = 2
========================================================================
Received Import Request.
  Time since last request: 0.000034 seconds.
  path: Assets/asset_store/key_lock/textures/lock/m_lock_01_m_s.png
  artifactKey: Guid(f86513d6f9a28c74dbd9c733b20671b4) Importer(815301076,1909f56bfc062723c751e8b465ee728b)
Start importing Assets/asset_store/key_lock/textures/lock/m_lock_01_m_s.png using Guid(f86513d6f9a28c74dbd9c733b20671b4) Importer(815301076,1909f56bfc062723c751e8b465ee728b)  -> (artifact id: '10ce0ee093b39c56cbafc5149e85d540') in 0.081212 seconds
Number of updated asset objects reloaded before import = 0
Number of asset objects unloaded after import = 2
========================================================================
Received Import Request.
  Time since last request: 0.000034 seconds.
  path: Assets/asset_store/key_lock/textures/lock/m_lock_01_n.png
  artifactKey: Guid(e1a0eea679fc84343b4bf91ab02e4c7b) Importer(815301076,1909f56bfc062723c751e8b465ee728b)
Start importing Assets/asset_store/key_lock/textures/lock/m_lock_01_n.png using Guid(e1a0eea679fc84343b4bf91ab02e4c7b) Importer(815301076,1909f56bfc062723c751e8b465ee728b)  -> (artifact id: '105ef310289959648aa70e1317a2f45d') in 0.083420 seconds
Number of updated asset objects reloaded before import = 0
Number of asset objects unloaded after import = 2
========================================================================
Received Import Request.
  Time since last request: 0.000656 seconds.
  path: Assets/asset_store/key_lock/textures/lock/m_lock_01_bc.png
  artifactKey: Guid(099fac015b8b00b4590f2de65718c1f9) Importer(815301076,1909f56bfc062723c751e8b465ee728b)
Start importing Assets/asset_store/key_lock/textures/lock/m_lock_01_bc.png using Guid(099fac015b8b00b4590f2de65718c1f9) Importer(815301076,1909f56bfc062723c751e8b465ee728b)  -> (artifact id: 'c36479d934e0e419ee3031e0e5a30189') in 0.089524 seconds
Number of updated asset objects reloaded before import = 0
Number of asset objects unloaded after import = 2
========================================================================
Received Import Request.
  Time since last request: 47.246191 seconds.
  path: Assets/asset_store/LogicBlox/Materials/YellowLed.mat
  artifactKey: Guid(523372a119fcbb8458d5d7190e6f7d07) Importer(815301076,1909f56bfc062723c751e8b465ee728b)
Start importing Assets/asset_store/LogicBlox/Materials/YellowLed.mat using Guid(523372a119fcbb8458d5d7190e6f7d07) Importer(815301076,1909f56bfc062723c751e8b465ee728b)  -> (artifact id: 'a52803b7d2472d44ec4281ce134c9adc') in 0.215377 seconds
Number of updated asset objects reloaded before import = 0
Number of asset objects unloaded after import = 2
========================================================================
Received Import Request.
  Time since last request: 52.157137 seconds.
  path: Assets/asset_store/LogicBlox/Prefabs/BoardBase.prefab
  artifactKey: Guid(0b4b61e019bcbcd41ad78f88b81046f3) Importer(815301076,1909f56bfc062723c751e8b465ee728b)
Start importing Assets/asset_store/LogicBlox/Prefabs/BoardBase.prefab using Guid(0b4b61e019bcbcd41ad78f88b81046f3) Importer(815301076,1909f56bfc062723c751e8b465ee728b)  -> (artifact id: 'fbba89e0ad7d4de9c0cc1ee1a27c14f9') in 0.258042 seconds
Number of updated asset objects reloaded before import = 0
Number of asset objects unloaded after import = 392
========================================================================
Received Import Request.
  Time since last request: 17.801667 seconds.
  path: Assets/asset_store/LogicBlox/Prefabs/ModelsOnly/Lamp.prefab
  artifactKey: Guid(c8870eaf72d59534d989fd35589cc45b) Importer(815301076,1909f56bfc062723c751e8b465ee728b)
Start importing Assets/asset_store/LogicBlox/Prefabs/ModelsOnly/Lamp.prefab using Guid(c8870eaf72d59534d989fd35589cc45b) Importer(815301076,1909f56bfc062723c751e8b465ee728b)  -> (artifact id: 'e92aa6bbe165bb24f2e0c1c9010e3e66') in 0.149239 seconds
Number of updated asset objects reloaded before import = 0
Number of asset objects unloaded after import = 31
========================================================================
Received Import Request.
  Time since last request: 22.476911 seconds.
  path: Assets/asset_store/Models/School Supplies/Eraser.prefab
  artifactKey: Guid(1e9452c2e358b30408e6165e6d56053d) Importer(815301076,1909f56bfc062723c751e8b465ee728b)
Start importing Assets/asset_store/Models/School Supplies/Eraser.prefab using Guid(1e9452c2e358b30408e6165e6d56053d) Importer(815301076,1909f56bfc062723c751e8b465ee728b)  -> (artifact id: '5385902424a6aa0d73ea1c447d4fe8af') in 0.004959 seconds
Number of updated asset objects reloaded before import = 0
Number of asset objects unloaded after import = 7
========================================================================
Received Import Request.
  Time since last request: 0.000046 seconds.
  path: Assets/asset_store/Models/School Supplies/Notepad.prefab
  artifactKey: Guid(00931e932c93cef48ae2d8cc87408c66) Importer(815301076,1909f56bfc062723c751e8b465ee728b)
Start importing Assets/asset_store/Models/School Supplies/Notepad.prefab using Guid(00931e932c93cef48ae2d8cc87408c66) Importer(815301076,1909f56bfc062723c751e8b465ee728b)  -> (artifact id: 'ceaac29d822daab7892959e9a94a3262') in 0.260759 seconds
Number of updated asset objects reloaded before import = 0
Number of asset objects unloaded after import = 41
========================================================================
Received Import Request.
  Time since last request: 0.000049 seconds.
  path: Assets/asset_store/Models/School Supplies/Pen.prefab
  artifactKey: Guid(0bc9f3e0b20fe984697b880329a181fd) Importer(815301076,1909f56bfc062723c751e8b465ee728b)
Start importing Assets/asset_store/Models/School Supplies/Pen.prefab using Guid(0bc9f3e0b20fe984697b880329a181fd) Importer(815301076,1909f56bfc062723c751e8b465ee728b)  -> (artifact id: '293d02d02539a91554eb8f4eb2eddecc') in 0.007943 seconds
Number of updated asset objects reloaded before import = 0
Number of asset objects unloaded after import = 11
========================================================================
Received Import Request.
  Time since last request: 0.000061 seconds.
  path: Assets/asset_store/Models/School Supplies/Pencil.prefab
  artifactKey: Guid(acd1035e6037f5340b25cdc9d4460022) Importer(815301076,1909f56bfc062723c751e8b465ee728b)
Start importing Assets/asset_store/Models/School Supplies/Pencil.prefab using Guid(acd1035e6037f5340b25cdc9d4460022) Importer(815301076,1909f56bfc062723c751e8b465ee728b)  -> (artifact id: 'b384255d1c42d816b633670347d98f07') in 0.003817 seconds
Number of updated asset objects reloaded before import = 0
Number of asset objects unloaded after import = 7
========================================================================
Received Import Request.
  Time since last request: 35.786074 seconds.
  path: Assets/asset_store/Multistory Dungeons 2/Textures/Materials/Fire_FX_Material_02.mat
  artifactKey: Guid(789dc013a6454d6682babbf28f9e785d) Importer(815301076,1909f56bfc062723c751e8b465ee728b)
Start importing Assets/asset_store/Multistory Dungeons 2/Textures/Materials/Fire_FX_Material_02.mat using Guid(789dc013a6454d6682babbf28f9e785d) Importer(815301076,1909f56bfc062723c751e8b465ee728b)  -> (artifact id: '57f3dd02ccb617d79e348a8036f50c7a') in 0.158845 seconds
Number of updated asset objects reloaded before import = 0
Number of asset objects unloaded after import = 4
========================================================================
Received Import Request.
  Time since last request: 0.000047 seconds.
  path: Assets/asset_store/Multistory Dungeons 2/Textures/Materials/Halo_FX_Material_01.mat
  artifactKey: Guid(05e5e749c8904bf382ad879e613c54df) Importer(815301076,1909f56bfc062723c751e8b465ee728b)
Start importing Assets/asset_store/Multistory Dungeons 2/Textures/Materials/Halo_FX_Material_01.mat using Guid(05e5e749c8904bf382ad879e613c54df) Importer(815301076,1909f56bfc062723c751e8b465ee728b)  -> (artifact id: '2ab3d76b636c1b6b1d2a9c0751be7bba') in 0.132772 seconds
Number of updated asset objects reloaded before import = 0
Number of asset objects unloaded after import = 4
========================================================================
Received Import Request.
  Time since last request: 29.108053 seconds.
  path: Assets/asset_store/nappin/Office Props Softpack/Prefabs/(Prb)BookOpen.prefab
  artifactKey: Guid(c2f17a2926fbc774d990dd6e286d4fad) Importer(815301076,1909f56bfc062723c751e8b465ee728b)
Start importing Assets/asset_store/nappin/Office Props Softpack/Prefabs/(Prb)BookOpen.prefab using Guid(c2f17a2926fbc774d990dd6e286d4fad) Importer(815301076,1909f56bfc062723c751e8b465ee728b)  -> (artifact id: '9ee235f2e76d49fa6024579be972fc21') in 0.132823 seconds
Number of updated asset objects reloaded before import = 0
Number of asset objects unloaded after import = 15
========================================================================
Received Import Request.
  Time since last request: 0.000040 seconds.
  path: Assets/asset_store/nappin/Office Props Softpack/Prefabs/(Prb)DeskPlant.prefab
  artifactKey: Guid(c02a999a44edfa048a0420775c83cf3d) Importer(815301076,1909f56bfc062723c751e8b465ee728b)
Start importing Assets/asset_store/nappin/Office Props Softpack/Prefabs/(Prb)DeskPlant.prefab using Guid(c02a999a44edfa048a0420775c83cf3d) Importer(815301076,1909f56bfc062723c751e8b465ee728b)  -> (artifact id: 'a8a2872314ab1a0bb5df1595c02e5c45') in 0.162519 seconds
Number of updated asset objects reloaded before import = 0
Number of asset objects unloaded after import = 16
========================================================================
Received Import Request.
  Time since last request: 0.000054 seconds.
  path: Assets/asset_store/nappin/Office Props Softpack/Prefabs/(Prb)BookPile6.prefab
  artifactKey: Guid(57addd97d1055424daebeb70d461be6d) Importer(815301076,1909f56bfc062723c751e8b465ee728b)
Start importing Assets/asset_store/nappin/Office Props Softpack/Prefabs/(Prb)BookPile6.prefab using Guid(57addd97d1055424daebeb70d461be6d) Importer(815301076,1909f56bfc062723c751e8b465ee728b)  -> (artifact id: 'f76fa776fb4f631434e3073944744bee') in 0.181600 seconds
Number of updated asset objects reloaded before import = 0
Number of asset objects unloaded after import = 247
========================================================================
Received Import Request.
  Time since last request: 0.000040 seconds.
  path: Assets/asset_store/nappin/Office Props Softpack/Prefabs/(Prb)DeskLight.prefab
  artifactKey: Guid(e0a309163f5d1ef4e81367371dba0804) Importer(815301076,1909f56bfc062723c751e8b465ee728b)
Start importing Assets/asset_store/nappin/Office Props Softpack/Prefabs/(Prb)DeskLight.prefab using Guid(e0a309163f5d1ef4e81367371dba0804) Importer(815301076,1909f56bfc062723c751e8b465ee728b)  -> (artifact id: '9f59ebb83ac765aec59ddd11280edb35') in 0.109446 seconds
Number of updated asset objects reloaded before import = 0
Number of asset objects unloaded after import = 35
========================================================================
Received Import Request.
  Time since last request: 0.000040 seconds.
  path: Assets/asset_store/nappin/Office Props Softpack/Prefabs/(Prb)Fatboy.prefab
  artifactKey: Guid(2c6803eaefbe99844936e0fdb90f45b0) Importer(815301076,1909f56bfc062723c751e8b465ee728b)
Start importing Assets/asset_store/nappin/Office Props Softpack/Prefabs/(Prb)Fatboy.prefab using Guid(2c6803eaefbe99844936e0fdb90f45b0) Importer(815301076,1909f56bfc062723c751e8b465ee728b)  -> (artifact id: 'ee348fd7e7798279469035008420f98b') in 0.110038 seconds
Number of updated asset objects reloaded before import = 0
Number of asset objects unloaded after import = 12
========================================================================
Received Import Request.
  Time since last request: 0.000063 seconds.
  path: Assets/asset_store/nappin/Office Props Softpack/Prefabs/(Prb)DeskPrinter.prefab
  artifactKey: Guid(cc05ee3ee5dd90e47863e933663f5eba) Importer(815301076,1909f56bfc062723c751e8b465ee728b)
Start importing Assets/asset_store/nappin/Office Props Softpack/Prefabs/(Prb)DeskPrinter.prefab using Guid(cc05ee3ee5dd90e47863e933663f5eba) Importer(815301076,1909f56bfc062723c751e8b465ee728b)  -> (artifact id: '2dcd106b27a1726e6376f6ff93dd4051') in 0.121972 seconds
Number of updated asset objects reloaded before import = 0
Number of asset objects unloaded after import = 22
========================================================================
Received Import Request.
  Time since last request: 0.000051 seconds.
  path: Assets/asset_store/nappin/Office Props Softpack/Prefabs/(Prb)OfficeChair.prefab
  artifactKey: Guid(3713613c4ffcd6945900432c53af79b8) Importer(815301076,1909f56bfc062723c751e8b465ee728b)
Start importing Assets/asset_store/nappin/Office Props Softpack/Prefabs/(Prb)OfficeChair.prefab using Guid(3713613c4ffcd6945900432c53af79b8) Importer(815301076,1909f56bfc062723c751e8b465ee728b)  -> (artifact id: '33810a8b73a3e8bf81533a4ff1b907ac') in 0.113150 seconds
Number of updated asset objects reloaded before import = 0
Number of asset objects unloaded after import = 16
========================================================================
Received Import Request.
  Time since last request: 0.000042 seconds.
  path: Assets/asset_store/nappin/Office Props Softpack/Prefabs/(Prb)Stapler.prefab
  artifactKey: Guid(39ce2aae8ff6f9148acb0e82db36ee1d) Importer(815301076,1909f56bfc062723c751e8b465ee728b)
Start importing Assets/asset_store/nappin/Office Props Softpack/Prefabs/(Prb)Stapler.prefab using Guid(39ce2aae8ff6f9148acb0e82db36ee1d) Importer(815301076,1909f56bfc062723c751e8b465ee728b)  -> (artifact id: 'd5136282635b6e7da7bdaf6ccbe78fb3') in 0.120142 seconds
Number of updated asset objects reloaded before import = 0
Number of asset objects unloaded after import = 15
========================================================================
Received Import Request.
  Time since last request: 0.000162 seconds.
  path: Assets/asset_store/nappin/Office Props Softpack/Prefabs/(Prb)BookPile3.prefab
  artifactKey: Guid(20fb32c38fa4cf14c98f0e754db93073) Importer(815301076,1909f56bfc062723c751e8b465ee728b)
Start importing Assets/asset_store/nappin/Office Props Softpack/Prefabs/(Prb)BookPile3.prefab using Guid(20fb32c38fa4cf14c98f0e754db93073) Importer(815301076,1909f56bfc062723c751e8b465ee728b)  -> (artifact id: 'b0e6b2d06c10b3d866690f771e57dc73') in 0.123044 seconds
Number of updated asset objects reloaded before import = 0
Number of asset objects unloaded after import = 127
========================================================================
Received Import Request.
  Time since last request: 0.000032 seconds.
  path: Assets/asset_store/nappin/Office Props Softpack/Prefabs/(Prb)Desk2.prefab
  artifactKey: Guid(067fb86e8e4f5744a82f28c508805f86) Importer(815301076,1909f56bfc062723c751e8b465ee728b)
Start importing Assets/asset_store/nappin/Office Props Softpack/Prefabs/(Prb)Desk2.prefab using Guid(067fb86e8e4f5744a82f28c508805f86) Importer(815301076,1909f56bfc062723c751e8b465ee728b) Refreshing native plugins compatible for Editor in 7.60 ms, found 3 plugins.
Preloading 0 native plugins for Editor in 0.00 ms.
 -> (artifact id: '0d9f4c085d50362f64700793d5f5df00') in 0.156060 seconds
Number of updated asset objects reloaded before import = 0
Number of asset objects unloaded after import = 77
========================================================================
Received Import Request.
  Time since last request: 0.000041 seconds.
  path: Assets/asset_store/nappin/Office Props Softpack/Prefabs/(Prb)PenHolder.prefab
  artifactKey: Guid(0177ee00efab698438288ebb753747ce) Importer(815301076,1909f56bfc062723c751e8b465ee728b)
Start importing Assets/asset_store/nappin/Office Props Softpack/Prefabs/(Prb)PenHolder.prefab using Guid(0177ee00efab698438288ebb753747ce) Importer(815301076,1909f56bfc062723c751e8b465ee728b)  -> (artifact id: 'f1e4721eb09fde39f318c8a4fc4494d9') in 0.114510 seconds
Number of updated asset objects reloaded before import = 0
Number of asset objects unloaded after import = 42
========================================================================
Received Import Request.
  Time since last request: 0.000049 seconds.
  path: Assets/asset_store/nappin/Office Props Softpack/Prefabs/(Prb)BookPile4.prefab
  artifactKey: Guid(26a2420e41111fa4384c8adc35b250b1) Importer(815301076,1909f56bfc062723c751e8b465ee728b)
Start importing Assets/asset_store/nappin/Office Props Softpack/Prefabs/(Prb)BookPile4.prefab using Guid(26a2420e41111fa4384c8adc35b250b1) Importer(815301076,1909f56bfc062723c751e8b465ee728b)  -> (artifact id: '1c5ee56313a0db0b7737e65df9ef5d66') in 0.118859 seconds
Number of updated asset objects reloaded before import = 0
Number of asset objects unloaded after import = 73
========================================================================
Received Import Request.
  Time since last request: 0.000053 seconds.
  path: Assets/asset_store/nappin/Office Props Softpack/Prefabs/(Prb)VendingMachine.prefab
  artifactKey: Guid(5fab3d9a08a16ed429bbc510962997d8) Importer(815301076,1909f56bfc062723c751e8b465ee728b)
Start importing Assets/asset_store/nappin/Office Props Softpack/Prefabs/(Prb)VendingMachine.prefab using Guid(5fab3d9a08a16ed429bbc510962997d8) Importer(815301076,1909f56bfc062723c751e8b465ee728b)  -> (artifact id: '2efc6f3a1e8e7b4c4270154e37e06aa0') in 0.332102 seconds
Number of updated asset objects reloaded before import = 0
Number of asset objects unloaded after import = 891
========================================================================
Received Import Request.
  Time since last request: 0.000047 seconds.
  path: Assets/asset_store/nappin/Office Props Softpack/Prefabs/(Prb)BookPile1.prefab
  artifactKey: Guid(7695c0d2e92da0e4f8d08c7909230b47) Importer(815301076,1909f56bfc062723c751e8b465ee728b)
Start importing Assets/asset_store/nappin/Office Props Softpack/Prefabs/(Prb)BookPile1.prefab using Guid(7695c0d2e92da0e4f8d08c7909230b47) Importer(815301076,1909f56bfc062723c751e8b465ee728b)  -> (artifact id: 'b14414d2affceaba95ef7eb261131a4d') in 0.078577 seconds
Number of updated asset objects reloaded before import = 0
Number of asset objects unloaded after import = 17
========================================================================
Received Import Request.
  Time since last request: 6.346065 seconds.
  path: Assets/asset_store/Office Room Furniture/Office/Models/Armchair_1.fbx
  artifactKey: Guid(1b78405856554574c9ed8d6339243555) Importer(815301076,1909f56bfc062723c751e8b465ee728b)
Start importing Assets/asset_store/Office Room Furniture/Office/Models/Armchair_1.fbx using Guid(1b78405856554574c9ed8d6339243555) Importer(815301076,1909f56bfc062723c751e8b465ee728b)  -> (artifact id: '00459b99bca0c0bd8d2cdeb168a66942') in 0.159689 seconds
Number of updated asset objects reloaded before import = 0
Number of asset objects unloaded after import = 15
========================================================================
Received Import Request.
  Time since last request: 0.000100 seconds.
  path: Assets/asset_store/Office Room Furniture/Office/Models/Frame 1.fbx
  artifactKey: Guid(70447b43c54b3c8489782bc25b9b20d9) Importer(815301076,1909f56bfc062723c751e8b465ee728b)
Start importing Assets/asset_store/Office Room Furniture/Office/Models/Frame 1.fbx using Guid(70447b43c54b3c8489782bc25b9b20d9) Importer(815301076,1909f56bfc062723c751e8b465ee728b)  -> (artifact id: 'd6fbccec807cd6eadcedec4e1273be40') in 0.132460 seconds
Number of updated asset objects reloaded before import = 0
Number of asset objects unloaded after import = 15
========================================================================
Received Import Request.
  Time since last request: 0.000069 seconds.
  path: Assets/asset_store/Office Room Furniture/Office/Models/Nesting_Table_1.fbx
  artifactKey: Guid(eaed029abc8498f4ebda474746689f12) Importer(815301076,1909f56bfc062723c751e8b465ee728b)
Start importing Assets/asset_store/Office Room Furniture/Office/Models/Nesting_Table_1.fbx using Guid(eaed029abc8498f4ebda474746689f12) Importer(815301076,1909f56bfc062723c751e8b465ee728b)  -> (artifact id: '31dfeb4d9e58a52ec5b1fa3c7d9e189a') in 0.137874 seconds
Number of updated asset objects reloaded before import = 0
Number of asset objects unloaded after import = 18
========================================================================
Received Import Request.
  Time since last request: 0.000037 seconds.
  path: Assets/asset_store/Office Room Furniture/Office/Models/FloorPlant_1.fbx
  artifactKey: Guid(ecb6fbf1148af344fb5bdf5751940c76) Importer(815301076,1909f56bfc062723c751e8b465ee728b)
Start importing Assets/asset_store/Office Room Furniture/Office/Models/FloorPlant_1.fbx using Guid(ecb6fbf1148af344fb5bdf5751940c76) Importer(815301076,1909f56bfc062723c751e8b465ee728b)  -> (artifact id: '28e0bd6aced53b5a01a2e5a037dce8c9') in 0.116793 seconds
Number of updated asset objects reloaded before import = 0
Number of asset objects unloaded after import = 11
========================================================================
Received Import Request.
  Time since last request: 324.395943 seconds.
  path: Assets/asset_store/Furniture/Source/Mesh/3Seat.fbx
  artifactKey: Guid(1a946898d5a375744bd71b5d04072493) Importer(815301076,1909f56bfc062723c751e8b465ee728b)
Start importing Assets/asset_store/Furniture/Source/Mesh/3Seat.fbx using Guid(1a946898d5a375744bd71b5d04072493) Importer(815301076,1909f56bfc062723c751e8b465ee728b)  -> (artifact id: '1bb261e840e27345ac1626c3f3041893') in 0.114003 seconds
Number of updated asset objects reloaded before import = 0
Number of asset objects unloaded after import = 8
========================================================================
Received Import Request.
  Time since last request: 0.000040 seconds.
  path: Assets/asset_store/Furniture/Source/Mesh/BigCloset.fbx
  artifactKey: Guid(a20abce8e4655294886742eb9bb5c382) Importer(815301076,1909f56bfc062723c751e8b465ee728b)
Start importing Assets/asset_store/Furniture/Source/Mesh/BigCloset.fbx using Guid(a20abce8e4655294886742eb9bb5c382) Importer(815301076,1909f56bfc062723c751e8b465ee728b)  -> (artifact id: '6ee4f75e57e5af6e5d852d4e9cfabdf7') in 0.147218 seconds
Number of updated asset objects reloaded before import = 0
Number of asset objects unloaded after import = 8
========================================================================
Received Import Request.
  Time since last request: 0.000064 seconds.
  path: Assets/asset_store/Furniture/Source/Mesh/MetalTable.fbx
  artifactKey: Guid(1c77c68a06728d143a0320dfcc126c48) Importer(815301076,1909f56bfc062723c751e8b465ee728b)
Start importing Assets/asset_store/Furniture/Source/Mesh/MetalTable.fbx using Guid(1c77c68a06728d143a0320dfcc126c48) Importer(815301076,1909f56bfc062723c751e8b465ee728b)  -> (artifact id: '1383357ae27dbfc90594b5d3d3d0738d') in 0.132423 seconds
Number of updated asset objects reloaded before import = 0
Number of asset objects unloaded after import = 8
========================================================================
Received Import Request.
  Time since last request: 0.000054 seconds.
  path: Assets/asset_store/Furniture/Source/Mesh/Fotel4.fbx
  artifactKey: Guid(63bb58ec56e49a94ca6f9dad8d73d9e2) Importer(815301076,1909f56bfc062723c751e8b465ee728b)
Start importing Assets/asset_store/Furniture/Source/Mesh/Fotel4.fbx using Guid(63bb58ec56e49a94ca6f9dad8d73d9e2) Importer(815301076,1909f56bfc062723c751e8b465ee728b)  -> (artifact id: '6edded3a4e745c03b1a8fcc00bf898dd') in 0.073486 seconds
Number of updated asset objects reloaded before import = 0
Number of asset objects unloaded after import = 8
========================================================================
Received Import Request.
  Time since last request: 0.000032 seconds.
  path: Assets/asset_store/Furniture/Source/Mesh/DoubleSeat2.fbx
  artifactKey: Guid(c7d0993de6d32ba4bb5ecb7003812a2d) Importer(815301076,1909f56bfc062723c751e8b465ee728b)
Start importing Assets/asset_store/Furniture/Source/Mesh/DoubleSeat2.fbx using Guid(c7d0993de6d32ba4bb5ecb7003812a2d) Importer(815301076,1909f56bfc062723c751e8b465ee728b)  -> (artifact id: 'e287f4801d414256f3b89b9f9da29cf0') in 0.113363 seconds
Number of updated asset objects reloaded before import = 0
Number of asset objects unloaded after import = 8
========================================================================
Received Import Request.
  Time since last request: 0.000063 seconds.
  path: Assets/asset_store/Furniture/Source/Mesh/closet2.fbx
  artifactKey: Guid(28a7de13a6369f846bf6d64963e8fa43) Importer(815301076,1909f56bfc062723c751e8b465ee728b)
Start importing Assets/asset_store/Furniture/Source/Mesh/closet2.fbx using Guid(28a7de13a6369f846bf6d64963e8fa43) Importer(815301076,1909f56bfc062723c751e8b465ee728b)  -> (artifact id: '8a3c66fe6b67fdfe2bd21254a29f9799') in 0.097415 seconds
Number of updated asset objects reloaded before import = 0
Number of asset objects unloaded after import = 8
========================================================================
Received Import Request.
  Time since last request: 0.000036 seconds.
  path: Assets/asset_store/Furniture/Source/Mesh/Closet3.fbx
  artifactKey: Guid(924fa25af5f31b14abb039f25dab6ec9) Importer(815301076,1909f56bfc062723c751e8b465ee728b)
Start importing Assets/asset_store/Furniture/Source/Mesh/Closet3.fbx using Guid(924fa25af5f31b14abb039f25dab6ec9) Importer(815301076,1909f56bfc062723c751e8b465ee728b)  -> (artifact id: '0d04a7ea92954e88f04c14ef6f017ff0') in 0.074311 seconds
Number of updated asset objects reloaded before import = 0
Number of asset objects unloaded after import = 8
========================================================================
Received Import Request.
  Time since last request: 0.000046 seconds.
  path: Assets/asset_store/Furniture/Source/Mesh/MirrorComode.fbx
  artifactKey: Guid(bbf5add6f97674e4f9d710d2027584f4) Importer(815301076,1909f56bfc062723c751e8b465ee728b)
Start importing Assets/asset_store/Furniture/Source/Mesh/MirrorComode.fbx using Guid(bbf5add6f97674e4f9d710d2027584f4) Importer(815301076,1909f56bfc062723c751e8b465ee728b)  -> (artifact id: '81a01dd5beef6731e7c67dcc22d792eb') in 0.080045 seconds
Number of updated asset objects reloaded before import = 0
Number of asset objects unloaded after import = 8
========================================================================
Received Import Request.
  Time since last request: 0.000049 seconds.
  path: Assets/asset_store/Furniture/Source/Mesh/3Seat2.fbx
  artifactKey: Guid(fd8712e1a3b95bf408cf1bf15fb9a131) Importer(815301076,1909f56bfc062723c751e8b465ee728b)
Start importing Assets/asset_store/Furniture/Source/Mesh/3Seat2.fbx using Guid(fd8712e1a3b95bf408cf1bf15fb9a131) Importer(815301076,1909f56bfc062723c751e8b465ee728b)  -> (artifact id: '1b54422c5e8eef2778c0d1238907e8e4') in 0.086482 seconds
Number of updated asset objects reloaded before import = 0
Number of asset objects unloaded after import = 8
========================================================================
Received Import Request.
  Time since last request: 0.000032 seconds.
  path: Assets/asset_store/Furniture/Source/Mesh/SmallCloset.fbx
  artifactKey: Guid(947941c3770ac9749a60dfb2404d1ad3) Importer(815301076,1909f56bfc062723c751e8b465ee728b)
Start importing Assets/asset_store/Furniture/Source/Mesh/SmallCloset.fbx using Guid(947941c3770ac9749a60dfb2404d1ad3) Importer(815301076,1909f56bfc062723c751e8b465ee728b)  -> (artifact id: 'c809a7b1b6452c87a28445faa8125a05') in 0.069131 seconds
Number of updated asset objects reloaded before import = 0
Number of asset objects unloaded after import = 8
========================================================================
Received Import Request.
  Time since last request: 0.000035 seconds.
  path: Assets/asset_store/Furniture/Source/Mesh/MirrorComode2.fbx
  artifactKey: Guid(50c1a10f09bac3e4fa83b73c174ce7ad) Importer(815301076,1909f56bfc062723c751e8b465ee728b)
Start importing Assets/asset_store/Furniture/Source/Mesh/MirrorComode2.fbx using Guid(50c1a10f09bac3e4fa83b73c174ce7ad) Importer(815301076,1909f56bfc062723c751e8b465ee728b)  -> (artifact id: 'a54d40a252a5a32fe968b68b314913b6') in 0.081819 seconds
Number of updated asset objects reloaded before import = 0
Number of asset objects unloaded after import = 8
========================================================================
Received Import Request.
  Time since last request: 0.000065 seconds.
  path: Assets/asset_store/Furniture/Source/Mesh/chair.fbx
  artifactKey: Guid(a65804b782e378e46a402e06983b7be4) Importer(815301076,1909f56bfc062723c751e8b465ee728b)
Start importing Assets/asset_store/Furniture/Source/Mesh/chair.fbx using Guid(a65804b782e378e46a402e06983b7be4) Importer(815301076,1909f56bfc062723c751e8b465ee728b)  -> (artifact id: '571c9228dd37460b2eec2fc6f37dd27a') in 0.108066 seconds
Number of updated asset objects reloaded before import = 0
Number of asset objects unloaded after import = 8
========================================================================
Received Import Request.
  Time since last request: 0.000043 seconds.
  path: Assets/asset_store/Furniture/Source/Mesh/3Seat3.fbx
  artifactKey: Guid(b07a91327abd3554ab170725ff8ae7a6) Importer(815301076,1909f56bfc062723c751e8b465ee728b)
Start importing Assets/asset_store/Furniture/Source/Mesh/3Seat3.fbx using Guid(b07a91327abd3554ab170725ff8ae7a6) Importer(815301076,1909f56bfc062723c751e8b465ee728b)  -> (artifact id: '214b95cd538f64b9023c8252a81da22b') in 0.072856 seconds
Number of updated asset objects reloaded before import = 0
Number of asset objects unloaded after import = 8
========================================================================
Received Import Request.
  Time since last request: 0.000704 seconds.
  path: Assets/asset_store/Furniture/Source/Mesh/Fotel.fbx
  artifactKey: Guid(bfbe5cdfd1128ff40b7909bf16a17d18) Importer(815301076,1909f56bfc062723c751e8b465ee728b)
Start importing Assets/asset_store/Furniture/Source/Mesh/Fotel.fbx using Guid(bfbe5cdfd1128ff40b7909bf16a17d18) Importer(815301076,1909f56bfc062723c751e8b465ee728b)  -> (artifact id: '1ddaf60a9c3f20f168ccaa3562812238') in 0.091356 seconds
Number of updated asset objects reloaded before import = 0
Number of asset objects unloaded after import = 8
========================================================================
Received Import Request.
  Time since last request: 0.000038 seconds.
  path: Assets/asset_store/Furniture/Source/Mesh/Couch.fbx
  artifactKey: Guid(b3d2d47cdc25dcc4090c4ba35dcf72ff) Importer(815301076,1909f56bfc062723c751e8b465ee728b)
Start importing Assets/asset_store/Furniture/Source/Mesh/Couch.fbx using Guid(b3d2d47cdc25dcc4090c4ba35dcf72ff) Importer(815301076,1909f56bfc062723c751e8b465ee728b)  -> (artifact id: '4dcf8a13fd140da85edd54f7d10ce7e1') in 0.093254 seconds
Number of updated asset objects reloaded before import = 0
Number of asset objects unloaded after import = 8
========================================================================
Received Import Request.
  Time since last request: 335.324205 seconds.
  path: Assets/asset_store/LogicBlox/Materials/Materials/GreenLink.mat
  artifactKey: Guid(fa4edd0d00ae4214c9d66caa8733996f) Importer(815301076,1909f56bfc062723c751e8b465ee728b)
Start importing Assets/asset_store/LogicBlox/Materials/Materials/GreenLink.mat using Guid(fa4edd0d00ae4214c9d66caa8733996f) Importer(815301076,1909f56bfc062723c751e8b465ee728b)  -> (artifact id: 'ccfe3f54da23acc24171a4de9533b34b') in 0.150737 seconds
Number of updated asset objects reloaded before import = 0
Number of asset objects unloaded after import = 1
========================================================================
Received Import Request.
  Time since last request: 0.000097 seconds.
  path: Assets/asset_store/LogicBlox/Materials/Materials/RedLink.mat
  artifactKey: Guid(092a419d5b4465c4c82764b70dbe42ee) Importer(815301076,1909f56bfc062723c751e8b465ee728b)
Start importing Assets/asset_store/LogicBlox/Materials/Materials/RedLink.mat using Guid(092a419d5b4465c4c82764b70dbe42ee) Importer(815301076,1909f56bfc062723c751e8b465ee728b)  -> (artifact id: '2903c23b334046c34510c3bd66bbf2f7') in 0.088501 seconds
Number of updated asset objects reloaded before import = 0
Number of asset objects unloaded after import = 1
========================================================================
Received Import Request.
  Time since last request: 33.744013 seconds.
  path: Assets/asset_store/LogicBlox/Prefabs/BoardBase.prefab
  artifactKey: Guid(0b4b61e019bcbcd41ad78f88b81046f3) Importer(815301076,1909f56bfc062723c751e8b465ee728b)
Start importing Assets/asset_store/LogicBlox/Prefabs/BoardBase.prefab using Guid(0b4b61e019bcbcd41ad78f88b81046f3) Importer(815301076,1909f56bfc062723c751e8b465ee728b)  -> (artifact id: '4eb257b1e76f7951fd770e0071b82c21') in 0.113600 seconds
Number of updated asset objects reloaded before import = 0
Number of asset objects unloaded after import = 353
========================================================================
Received Import Request.
  Time since last request: 12.191914 seconds.
  path: Assets/asset_store/LogicBlox/Prefabs/Masters/PrimMasterPrefab.prefab
  artifactKey: Guid(a058c4d119ec5414d93cd5d92f1141c3) Importer(815301076,1909f56bfc062723c751e8b465ee728b)
Start importing Assets/asset_store/LogicBlox/Prefabs/Masters/PrimMasterPrefab.prefab using Guid(a058c4d119ec5414d93cd5d92f1141c3) Importer(815301076,1909f56bfc062723c751e8b465ee728b)  -> (artifact id: '603fd8603105c40a3f8e634818b6dad5') in 0.100948 seconds
Number of updated asset objects reloaded before import = 0
Number of asset objects unloaded after import = 62
========================================================================
Received Import Request.
  Time since last request: 80.365995 seconds.
  path: Assets/asset_store/Multistory Dungeons 2/Textures/Materials/Candle_Fire_FX_Material_03.mat
  artifactKey: Guid(690263f9154a4409a4de771bf495cc0a) Importer(815301076,1909f56bfc062723c751e8b465ee728b)
Start importing Assets/asset_store/Multistory Dungeons 2/Textures/Materials/Candle_Fire_FX_Material_03.mat using Guid(690263f9154a4409a4de771bf495cc0a) Importer(815301076,1909f56bfc062723c751e8b465ee728b)  -> (artifact id: '84735c1533a0be5ed0899ea8f74eec1a') in 0.171888 seconds
Number of updated asset objects reloaded before import = 0
Number of asset objects unloaded after import = 1
========================================================================
Received Import Request.
  Time since last request: 0.000046 seconds.
  path: Assets/asset_store/Multistory Dungeons 2/Textures/Materials/Halo_FX_Material_01.mat
  artifactKey: Guid(05e5e749c8904bf382ad879e613c54df) Importer(815301076,1909f56bfc062723c751e8b465ee728b)
Start importing Assets/asset_store/Multistory Dungeons 2/Textures/Materials/Halo_FX_Material_01.mat using Guid(05e5e749c8904bf382ad879e613c54df) Importer(815301076,1909f56bfc062723c751e8b465ee728b)  -> (artifact id: 'ac06add9135574868bd9c4021b43aaed') in 0.167458 seconds
Number of updated asset objects reloaded before import = 0
Number of asset objects unloaded after import = 2
========================================================================
Received Import Request.
  Time since last request: 0.000066 seconds.
  path: Assets/asset_store/Multistory Dungeons 2/Textures/Materials/Fire_FX_Material_02.mat
  artifactKey: Guid(789dc013a6454d6682babbf28f9e785d) Importer(815301076,1909f56bfc062723c751e8b465ee728b)
Start importing Assets/asset_store/Multistory Dungeons 2/Textures/Materials/Fire_FX_Material_02.mat using Guid(789dc013a6454d6682babbf28f9e785d) Importer(815301076,1909f56bfc062723c751e8b465ee728b)  -> (artifact id: '36e1e471f573e58224cb975a8033485f') in 0.075369 seconds
Number of updated asset objects reloaded before import = 0
Number of asset objects unloaded after import = 2
========================================================================
Received Import Request.
  Time since last request: 0.000030 seconds.
  path: Assets/asset_store/Multistory Dungeons 2/Textures/Materials/Smoke_FX_Material_02.mat
  artifactKey: Guid(e731e99f1ed34d8c8cbe1459b9622f9f) Importer(815301076,1909f56bfc062723c751e8b465ee728b)
Start importing Assets/asset_store/Multistory Dungeons 2/Textures/Materials/Smoke_FX_Material_02.mat using Guid(e731e99f1ed34d8c8cbe1459b9622f9f) Importer(815301076,1909f56bfc062723c751e8b465ee728b)  -> (artifact id: 'ecf4951ddc07808828a1f66833c5c70b') in 0.095763 seconds
Number of updated asset objects reloaded before import = 0
Number of asset objects unloaded after import = 1
========================================================================
Received Import Request.
  Time since last request: 175.584850 seconds.
  path: Assets/asset_store/Office Room Furniture/Office/Prefabs/MouseKeyboard_1.prefab
  artifactKey: Guid(bbc921e76de47404897b9ee2df795603) Importer(815301076,1909f56bfc062723c751e8b465ee728b)
Start importing Assets/asset_store/Office Room Furniture/Office/Prefabs/MouseKeyboard_1.prefab using Guid(bbc921e76de47404897b9ee2df795603) Importer(815301076,1909f56bfc062723c751e8b465ee728b)  -> (artifact id: 'ef5fa69788e3bb0c45dd5589653b6f20') in 0.006870 seconds
Number of updated asset objects reloaded before import = 0
Number of asset objects unloaded after import = 12
========================================================================
Received Import Request.
  Time since last request: 47.816492 seconds.
  path: Assets/Prefabs/LogicBox.prefab
  artifactKey: Guid(5255560c24b2ca14995ac975f9930283) Importer(815301076,1909f56bfc062723c751e8b465ee728b)
Start importing Assets/Prefabs/LogicBox.prefab using Guid(5255560c24b2ca14995ac975f9930283) Importer(815301076,1909f56bfc062723c751e8b465ee728b) Refreshing native plugins compatible for Editor in 7.15 ms, found 3 plugins.
Preloading 0 native plugins for Editor in 0.00 ms.
 -> (artifact id: 'ac99fb590b9aa927faef7684f945d06a') in 0.242971 seconds
Number of updated asset objects reloaded before import = 0
Number of asset objects unloaded after import = 349
========================================================================
Received Import Request.
  Time since last request: 0.000057 seconds.
  path: Assets/Prefabs/Monitor_1.prefab
  artifactKey: Guid(8a234079502b2df4f8ee3f47bd677b31) Importer(815301076,1909f56bfc062723c751e8b465ee728b)
Start importing Assets/Prefabs/Monitor_1.prefab using Guid(8a234079502b2df4f8ee3f47bd677b31) Importer(815301076,1909f56bfc062723c751e8b465ee728b)  -> (artifact id: 'aaf9f8b851f3395d362066f954226781') in 0.011901 seconds
Number of updated asset objects reloaded before import = 0
Number of asset objects unloaded after import = 6
========================================================================
Received Import Request.
  Time since last request: 0.000072 seconds.
  path: Assets/Prefabs/MouseKeyboard_1.prefab
  artifactKey: Guid(ddebd556c485e8149ba0ba573db13670) Importer(815301076,1909f56bfc062723c751e8b465ee728b)
Start importing Assets/Prefabs/MouseKeyboard_1.prefab using Guid(ddebd556c485e8149ba0ba573db13670) Importer(815301076,1909f56bfc062723c751e8b465ee728b)  -> (artifact id: 'cc4219f771824772ee47f1421f25bbbe') in 0.006744 seconds
Number of updated asset objects reloaded before import = 0
Number of asset objects unloaded after import = 12
========================================================================
Received Prepare
Shader Hidden/ProbeVolume/VoxelizeScene is not supported: GPU does not support conservative rasterization
Refreshing native plugins compatible for Editor in 6.47 ms, found 3 plugins.
Preloading 0 native plugins for Editor in 0.00 ms.
Unloading 15 Unused Serialized files (Serialized files now loaded: 0)
Unloading 16 unused Assets / (2.1 MB). Loaded Objects now: 5224.
Memory consumption went from 99.7 MB to 97.7 MB.
Total: 9.678700 ms (FindLiveObjects: 0.571200 ms CreateObjectMapping: 0.302700 ms MarkObjects: 8.224800 ms  DeleteObjects: 0.577800 ms)

Prepare: number of updated asset objects reloaded= 0
AssetImportParameters requested are different than current active one (requested -> active):
  custom:container-demuxer-ogg: 62fdf1f143b41e24485cea50d1cbac27 -> 
  custom:video-decoder-ogg-theora: a1e56fd34408186e4bbccfd4996cb3dc -> 
  custom:framework-win-MediaFoundation: 216162199b28c13a410421893ffa2e32 -> 
  custom:CustomObjectIndexerAttribute: 9a22284fe3817be447336de3de66b15e -> 
  custom:container-demuxer-webm: 4f35f7cbe854078d1ac9338744f61a02 -> 
  custom:container-muxer-webm: aa71ff27fc2769a1b78a27578f13a17b -> 
  custom:video-decoder-webm-vp8: 9c59270c3fd7afecdb556c50c9e8de78 -> 
  custom:SearchIndexIgnoredProperties: e643bd26f0fe6173181afceb89e7c659 -> 
  custom:AudioImporter_EditorPlatform: d09bf68614088b80899f8185d706f6e7 -> 
  custom:video-encoder-webm-vp8: eb34c28f22e8b96e1ab97ce403110664 -> 
  custom:audio-decoder-ogg-vorbis: bf7c407c2cedff20999df2af8eb42d56 -> 
  custom:audio-encoder-webm-vorbis: bf7c407c2cedff20999df2af8eb42d56 -> 
